<?xml version="1.0" encoding="UTF-8"?>
<testng-results skipped="0" failed="0" ignored="0" total="2" passed="2">
  <reporter-output>
  </reporter-output>
  <suite name="Suite" duration-ms="28083" started-at="2019-10-05T10:19:36Z" finished-at="2019-10-05T10:20:05Z">
    <groups>
      <group name="cucumber">
        <method signature="AbstractTestNGCucumberTests.runScenario(cucumber.api.testng.PickleEventWrapper, cucumber.api.testng.CucumberFeatureWrapper)[pri:0, instance:com.leafBot.testcases.TC001_CreateLead@191a895]" name="runScenario" class="cucumber.api.testng.AbstractTestNGCucumberTests"/>
      </group> <!-- cucumber -->
    </groups>
    <test name="Test" duration-ms="28083" started-at="2019-10-05T10:19:36Z" finished-at="2019-10-05T10:20:05Z">
      <class name="com.leafBot.testcases.TC001_CreateLead">
        <test-method status="PASS" signature="startReport()[pri:0, instance:com.leafBot.testcases.TC001_CreateLead@191a895]" name="startReport" is-config="true" duration-ms="613" started-at="2019-10-05T10:19:36Z" finished-at="2019-10-05T10:19:36Z">
          <reporter-output>
          </reporter-output>
        </test-method> <!-- startReport -->
        <test-method status="PASS" signature="setData()[pri:0, instance:com.leafBot.testcases.TC001_CreateLead@191a895]" name="setData" is-config="true" duration-ms="1" started-at="2019-10-05T10:19:36Z" finished-at="2019-10-05T10:19:36Z">
          <reporter-output>
          </reporter-output>
        </test-method> <!-- setData -->
        <test-method status="PASS" signature="setUpClass()[pri:0, instance:com.leafBot.testcases.TC001_CreateLead@191a895]" name="setUpClass" is-config="true" duration-ms="830" started-at="2019-10-05T10:19:37Z" finished-at="2019-10-05T10:19:37Z">
          <reporter-output>
          </reporter-output>
        </test-method> <!-- setUpClass -->
        <test-method status="PASS" signature="report()[pri:0, instance:com.leafBot.testcases.TC001_CreateLead@191a895]" name="report" is-config="true" duration-ms="34" started-at="2019-10-05T10:19:37Z" finished-at="2019-10-05T10:19:37Z">
          <reporter-output>
          </reporter-output>
        </test-method> <!-- report -->
        <test-method status="PASS" signature="beforeMethod()[pri:0, instance:com.leafBot.testcases.TC001_CreateLead@191a895]" name="beforeMethod" is-config="true" duration-ms="10017" started-at="2019-10-05T10:19:40Z" finished-at="2019-10-05T10:19:50Z">
          <reporter-output>
          </reporter-output>
        </test-method> <!-- beforeMethod -->
        <test-method status="PASS" signature="runTC001(java.lang.String, java.lang.String)[pri:0, instance:com.leafBot.testcases.TC001_CreateLead@191a895]" name="runTC001" duration-ms="4776" started-at="2019-10-05T10:19:50Z" data-provider="fetchData" finished-at="2019-10-05T10:19:54Z">
          <params>
            <param index="0">
              <value>
                <![CDATA[DemoSalesManager]]>
              </value>
            </param>
            <param index="1">
              <value>
                <![CDATA[crmsfa]]>
              </value>
            </param>
          </params>
          <reporter-output>
          </reporter-output>
        </test-method> <!-- runTC001 -->
        <test-method status="PASS" signature="afterMethod()[pri:0, instance:com.leafBot.testcases.TC001_CreateLead@191a895]" name="afterMethod" is-config="true" duration-ms="317" started-at="2019-10-05T10:19:54Z" finished-at="2019-10-05T10:19:55Z">
          <reporter-output>
          </reporter-output>
        </test-method> <!-- afterMethod -->
        <test-method status="PASS" signature="beforeMethod()[pri:0, instance:com.leafBot.testcases.TC001_CreateLead@191a895]" name="beforeMethod" is-config="true" duration-ms="4548" started-at="2019-10-05T10:19:55Z" finished-at="2019-10-05T10:19:59Z">
          <reporter-output>
          </reporter-output>
        </test-method> <!-- beforeMethod -->
        <test-method status="PASS" signature="runTC001(java.lang.String, java.lang.String)[pri:0, instance:com.leafBot.testcases.TC001_CreateLead@191a895]" name="runTC001" duration-ms="4896" started-at="2019-10-05T10:19:59Z" data-provider="fetchData" finished-at="2019-10-05T10:20:04Z">
          <params>
            <param index="0">
              <value>
                <![CDATA[DemoCSR]]>
              </value>
            </param>
            <param index="1">
              <value>
                <![CDATA[crmsfa]]>
              </value>
            </param>
          </params>
          <reporter-output>
          </reporter-output>
        </test-method> <!-- runTC001 -->
        <test-method status="PASS" signature="afterMethod()[pri:0, instance:com.leafBot.testcases.TC001_CreateLead@191a895]" name="afterMethod" is-config="true" duration-ms="300" started-at="2019-10-05T10:20:04Z" finished-at="2019-10-05T10:20:05Z">
          <reporter-output>
          </reporter-output>
        </test-method> <!-- afterMethod -->
        <test-method status="PASS" signature="tearDownClass()[pri:0, instance:com.leafBot.testcases.TC001_CreateLead@191a895]" name="tearDownClass" is-config="true" duration-ms="14" started-at="2019-10-05T10:20:05Z" finished-at="2019-10-05T10:20:05Z">
          <reporter-output>
          </reporter-output>
        </test-method> <!-- tearDownClass -->
        <test-method status="PASS" signature="stopReport()[pri:0, instance:com.leafBot.testcases.TC001_CreateLead@191a895]" name="stopReport" is-config="true" duration-ms="2354" started-at="2019-10-05T10:20:05Z" finished-at="2019-10-05T10:20:07Z">
          <reporter-output>
          </reporter-output>
        </test-method> <!-- stopReport -->
      </class> <!-- com.leafBot.testcases.TC001_CreateLead -->
    </test> <!-- Test -->
  </suite> <!-- Suite -->
</testng-results>
